
****** PlanAhead v14.7
  **** Build 321239 by xbuild on Fri Sep 27 19:31:35 MDT 2013
    ** Copyright 1986-1999, 2001-2013 Xilinx, Inc. All Rights Reserved.

INFO: [Common 17-78] Attempting to get a license: PlanAhead
INFO: [Common 17-290] Got license for PlanAhead
INFO: [Device 21-36] Loading parts and site information from C:/Xilinx/14.7/ISE_DS/PlanAhead/data/parts/arch.xml
Parsing RTL primitives file [C:/Xilinx/14.7/ISE_DS/PlanAhead/data/parts/xilinx/rtl/prims/rtl_prims.xml]
Finished parsing RTL primitives file [C:/Xilinx/14.7/ISE_DS/PlanAhead/data/parts/xilinx/rtl/prims/rtl_prims.xml]
start_gui
source C:/Users/XickZenF5/Desktop/Naringka_setdaad/NaRingkaSetClock/pa.fromHdl.tcl
# create_project -name NaRingkaSetClock -dir "C:/Users/XickZenF5/Desktop/Naringka_setdaad/NaRingkaSetClock/planAhead_run_1" -part xc6slx9tqg144-3
# set_param project.pinAheadLayout yes
# set srcset [get_property srcset [current_run -impl]]
# set_property target_constrs_file "NaringKa.ucf" [current_fileset -constrset]
Adding file 'C:/Users/XickZenF5/Desktop/Naringka_setdaad/NaRingkaSetClock/NaringKa.ucf' to fileset 'constrs_1'
# set hdlfile [add_files [list {Counter0_9_CLR_TC.vf}]]
# set_property file_type Verilog $hdlfile
# set_property library work $hdlfile
# set hdlfile [add_files [list {Counter0_5_CLR_TC.vf}]]
# set_property file_type Verilog $hdlfile
# set_property library work $hdlfile
# set hdlfile [add_files [list {Counter0_2_CLR_TC.vf}]]
# set_property file_type Verilog $hdlfile
# set_property library work $hdlfile
# set hdlfile [add_files [list {counter03.vf}]]
# set_property file_type Verilog $hdlfile
# set_property library work $hdlfile
# set hdlfile [add_files [list {Time_60_Second_And_Minute.vf}]]
# set_property file_type Verilog $hdlfile
# set_property library work $hdlfile
# set hdlfile [add_files [list {Time_23_Hour.vf}]]
# set_property file_type Verilog $hdlfile
# set_property library work $hdlfile
# set hdlfile [add_files [list {Sevenseg.vf}]]
# set_property file_type Verilog $hdlfile
# set_property library work $hdlfile
# set hdlfile [add_files [list {Mux4_Swap_LED.vf}]]
# set_property file_type Verilog $hdlfile
# set_property library work $hdlfile
# set hdlfile [add_files [list {CLK_Moded.vf}]]
# set_property file_type Verilog $hdlfile
# set_property library work $hdlfile
# set hdlfile [add_files [list {NaringKa.vf}]]
# set_property file_type Verilog $hdlfile
# set_property library work $hdlfile
# set_property top NaringKa $srcset
# add_files [list {NaringKa.ucf}] -fileset [get_property constrset [current_run]]
# open_rtl_design -part xc6slx9tqg144-3
Using Verific elaboration
Parsing VHDL file "C:/Xilinx/14.7/ISE_DS/PlanAhead/data/parts/xilinx/rtl/lib/synplify/synattr.vhd" into library synplify
Analyzing Verilog file "C:/Users/XickZenF5/Desktop/Naringka_setdaad/NaRingkaSetClock/NaringKa.vf" into library work
Loading clock regions from C:/Xilinx/14.7/ISE_DS/PlanAhead/data\parts/xilinx/spartan6/spartan6lx/xc6slx9/ClockRegion.xml
Loading clock buffers from C:/Xilinx/14.7/ISE_DS/PlanAhead/data\parts/xilinx/spartan6/spartan6lx/xc6slx9/ClockBuffers.xml
Loading package pin functions from C:/Xilinx/14.7/ISE_DS/PlanAhead/data\parts/xilinx/spartan6/PinFunctions.xml...
Loading package from C:/Xilinx/14.7/ISE_DS/PlanAhead/data\parts/xilinx/spartan6/spartan6lx/xc6slx9/tqg144/Package.xml
Loading io standards from C:/Xilinx/14.7/ISE_DS/PlanAhead/data\./parts/xilinx/spartan6/IOStandards.xml
Loading device configuration modes from C:/Xilinx/14.7/ISE_DS/PlanAhead/data\parts/xilinx/spartan6/ConfigModes.xml
Loading list of drcs for the architecture : C:/Xilinx/14.7/ISE_DS/PlanAhead/data\./parts/xilinx/spartan6/drc.xml
Parsing UCF File [C:/Users/XickZenF5/Desktop/Naringka_setdaad/NaRingkaSetClock/NaringKa.ucf]
Finished Parsing UCF File [C:/Users/XickZenF5/Desktop/Naringka_setdaad/NaRingkaSetClock/NaringKa.ucf]
INFO: [Project 1-111] Unisim Transformation Summary:
No Unisim elements were transformed.

Phase 0 | Netlist Checksum: 63c2b34f
open_rtl_design: Time (s): elapsed = 00:00:08 . Memory (MB): peak = 560.066 ; gain = 96.012
update_compile_order -fileset sim_1
startgroup
set_property package_pin P44 [get_ports COm0]
endgroup
startgroup
set_property package_pin P43 [get_ports COm1]
endgroup
set_property package_pin "" [get_ports [list  COm3]]
startgroup
set_property package_pin P33 [get_ports COm2]
endgroup
startgroup
set_property package_pin P30 [get_ports COm3]
endgroup
startgroup
set_property package_pin P45 [get_ports Hour_Toggle]
endgroup
startgroup
set_property package_pin P46 [get_ports Minute_Toggle]
endgroup
set_property package_pin "" [get_ports [list  P29]]
startgroup
set_property package_pin P27 [get_ports P27]
endgroup
startgroup
set_property package_pin P29 [get_ports P29]
endgroup
startgroup
set_property package_pin P32 [get_ports P32]
endgroup
startgroup
set_property package_pin P34 [get_ports P34]
endgroup
startgroup
set_property package_pin P35 [get_ports P35]
endgroup
startgroup
set_property package_pin P40 [get_ports P40]
endgroup
startgroup
set_property package_pin P41 [get_ports P41]
endgroup
set_property package_pin "" [get_ports [list  SlideSet]]
startgroup
set_property package_pin P26 [get_ports Point]
endgroup
startgroup
set_property package_pin P55 [get_ports SlideSet]
endgroup
startgroup
set_property package_pin P123 [get_ports XLXN_35]
endgroup
save_constraints
exit
ERROR: [Common 17-39] 'stop_gui' failed due to earlier errors.
INFO: [Common 17-206] Exiting PlanAhead at Sat Dec 10 02:27:24 2022...
INFO: [Common 17-83] Releasing license: PlanAhead
