--------------------------------------------------------------------------------
Release 14.7 Trace  (nt64)
Copyright (c) 1995-2013 Xilinx, Inc.  All rights reserved.

C:\Xilinx\14.7\ISE_DS\ISE\bin\nt64\unwrapped\trce.exe -intstyle ise -v 3 -s 3
-n 3 -fastpaths -xml Main_Module.twx Main_Module.ncd -o Main_Module.twr
Main_Module.pcf -ucf Main_Module.ucf

Design file:              Main_Module.ncd
Physical constraint file: Main_Module.pcf
Device,package,speed:     xc6slx9,tqg144,C,-3 (PRODUCTION 1.23 2013-10-13)
Report level:             verbose report

Environment Variable      Effect 
--------------------      ------ 
NONE                      No environment variables were set
--------------------------------------------------------------------------------

INFO:Timing:2698 - No timing constraints found, doing default enumeration.
INFO:Timing:3412 - To improve timing, see the Timing Closure User Guide (UG612).
INFO:Timing:2752 - To get complete path coverage, use the unconstrained paths 
   option. All paths that are not constrained will be reported in the 
   unconstrained paths section(s) of the report.
INFO:Timing:3339 - The clock-to-out numbers in this timing report are based on 
   a 50 Ohm transmission line loading model.  For the details of this model, 
   and for more information on accounting for different loading conditions, 
   please see the device datasheet.



Data Sheet report:
-----------------
All values displayed in nanoseconds (ns)

Setup/Hold to clock Minute_P47
------------+------------+------------+------------+------------+-------------------------+--------+
            |Max Setup to|  Process   |Max Hold to |  Process   |                         | Clock  |
Source      | clk (edge) |   Corner   | clk (edge) |   Corner   |Internal Clock(s)        | Phase  |
------------+------------+------------+------------+------------+-------------------------+--------+
Reset_P48   |    1.601(R)|      SLOW  |   -0.127(R)|      FAST  |XLXI_183/XLXI_415/XLXN_17|   0.000|
------------+------------+------------+------------+------------+-------------------------+--------+

Setup/Hold to clock Osc
------------+------------+------------+------------+------------+------------------+--------+
            |Max Setup to|  Process   |Max Hold to |  Process   |                  | Clock  |
Source      | clk (edge) |   Corner   | clk (edge) |   Corner   |Internal Clock(s) | Phase  |
------------+------------+------------+------------+------------+------------------+--------+
Reset_P48   |    5.773(R)|      SLOW  |   -3.228(R)|      FAST  |Osc_BUFGP         |   0.000|
------------+------------+------------+------------+------------+------------------+--------+

Setup/Hold to clock P45
------------+------------+------------+------------+------------+------------------+--------+
            |Max Setup to|  Process   |Max Hold to |  Process   |                  | Clock  |
Source      | clk (edge) |   Corner   | clk (edge) |   Corner   |Internal Clock(s) | Phase  |
------------+------------+------------+------------+------------+------------------+--------+
Reset_P48   |    2.065(R)|      SLOW  |   -0.551(R)|      FAST  |P45_IBUF          |   0.000|
------------+------------+------------+------------+------------+------------------+--------+

Setup/Hold to clock Slide_Set_SW7
------------+------------+------------+------------+------------+-------------------------+--------+
            |Max Setup to|  Process   |Max Hold to |  Process   |                         | Clock  |
Source      | clk (edge) |   Corner   | clk (edge) |   Corner   |Internal Clock(s)        | Phase  |
------------+------------+------------+------------+------------+-------------------------+--------+
Reset_P48   |    1.678(R)|      SLOW  |   -0.125(R)|      FAST  |XLXI_183/XLXI_415/XLXN_17|   0.000|
            |    3.359(R)|      SLOW  |   -1.572(R)|      FAST  |XLXI_183/XLXN_6          |   0.000|
------------+------------+------------+------------+------------+-------------------------+--------+

Clock Hour_P46 to Pad
------------+-----------------+------------+-----------------+------------+------------------------+--------+
            |Max (slowest) clk|  Process   |Min (fastest) clk|  Process   |                        | Clock  |
Destination |  (edge) to PAD  |   Corner   |  (edge) to PAD  |   Corner   |Internal Clock(s)       | Phase  |
------------+-----------------+------------+-----------------+------------+------------------------+--------+
P27         |        12.939(R)|      SLOW  |         6.170(R)|      FAST  |XLXI_183/XLXI_414/XLXN_9|   0.000|
P29         |        13.065(R)|      SLOW  |         6.135(R)|      FAST  |XLXI_183/XLXI_414/XLXN_9|   0.000|
P32         |        13.574(R)|      SLOW  |         6.371(R)|      FAST  |XLXI_183/XLXI_414/XLXN_9|   0.000|
P34         |        13.556(R)|      SLOW  |         6.516(R)|      FAST  |XLXI_183/XLXI_414/XLXN_9|   0.000|
P35         |        13.673(R)|      SLOW  |         6.422(R)|      FAST  |XLXI_183/XLXI_414/XLXN_9|   0.000|
P40         |        13.840(R)|      SLOW  |         6.609(R)|      FAST  |XLXI_183/XLXI_414/XLXN_9|   0.000|
P41         |        13.680(R)|      SLOW  |         6.640(R)|      FAST  |XLXI_183/XLXI_414/XLXN_9|   0.000|
------------+-----------------+------------+-----------------+------------+------------------------+--------+

Clock Minute_P47 to Pad
------------+-----------------+------------+-----------------+------------+-------------------------+--------+
            |Max (slowest) clk|  Process   |Min (fastest) clk|  Process   |                         | Clock  |
Destination |  (edge) to PAD  |   Corner   |  (edge) to PAD  |   Corner   |Internal Clock(s)        | Phase  |
------------+-----------------+------------+-----------------+------------+-------------------------+--------+
P27         |        13.118(R)|      SLOW  |         6.370(R)|      FAST  |XLXI_183/XLXI_415/XLXN_17|   0.000|
P29         |        13.226(R)|      SLOW  |         6.561(R)|      FAST  |XLXI_183/XLXI_415/XLXN_17|   0.000|
P32         |        13.735(R)|      SLOW  |         6.653(R)|      FAST  |XLXI_183/XLXI_415/XLXN_17|   0.000|
P34         |        13.739(R)|      SLOW  |         6.754(R)|      FAST  |XLXI_183/XLXI_415/XLXN_17|   0.000|
P35         |        13.834(R)|      SLOW  |         6.704(R)|      FAST  |XLXI_183/XLXI_415/XLXN_17|   0.000|
P40         |        14.001(R)|      SLOW  |         7.035(R)|      FAST  |XLXI_183/XLXI_415/XLXN_17|   0.000|
P41         |        13.859(R)|      SLOW  |         6.840(R)|      FAST  |XLXI_183/XLXI_415/XLXN_17|   0.000|
------------+-----------------+------------+-----------------+------------+-------------------------+--------+

Clock P45 to Pad
------------+-----------------+------------+-----------------+------------+------------------+--------+
            |Max (slowest) clk|  Process   |Min (fastest) clk|  Process   |                  | Clock  |
Destination |  (edge) to PAD  |   Corner   |  (edge) to PAD  |   Corner   |Internal Clock(s) | Phase  |
------------+-----------------+------------+-----------------+------------+------------------+--------+
P27         |        12.921(R)|      SLOW  |         5.574(R)|      FAST  |P45_IBUF          |   0.000|
P29         |        13.047(R)|      SLOW  |         5.576(R)|      FAST  |P45_IBUF          |   0.000|
P32         |        13.556(R)|      SLOW  |         5.787(R)|      FAST  |P45_IBUF          |   0.000|
P34         |        13.538(R)|      SLOW  |         5.746(R)|      FAST  |P45_IBUF          |   0.000|
P35         |        13.655(R)|      SLOW  |         5.838(R)|      FAST  |P45_IBUF          |   0.000|
P40         |        13.822(R)|      SLOW  |         6.050(R)|      FAST  |P45_IBUF          |   0.000|
P41         |        13.662(R)|      SLOW  |         6.044(R)|      FAST  |P45_IBUF          |   0.000|
Point       |         8.793(R)|      SLOW  |         4.915(R)|      FAST  |P45_IBUF          |   0.000|
------------+-----------------+------------+-----------------+------------+------------------+--------+

Clock Slide_Set_SW7 to Pad
------------+-----------------+------------+-----------------+------------+-------------------------+--------+
            |Max (slowest) clk|  Process   |Min (fastest) clk|  Process   |                         | Clock  |
Destination |  (edge) to PAD  |   Corner   |  (edge) to PAD  |   Corner   |Internal Clock(s)        | Phase  |
------------+-----------------+------------+-----------------+------------+-------------------------+--------+
P27         |        13.733(R)|      SLOW  |         6.801(R)|      FAST  |XLXI_183/XLXI_414/XLXN_9 |   0.000|
            |        13.027(R)|      SLOW  |         6.381(R)|      FAST  |XLXI_183/XLXI_415/XLXN_17|   0.000|
P29         |        13.859(R)|      SLOW  |         6.766(R)|      FAST  |XLXI_183/XLXI_414/XLXN_9 |   0.000|
            |        13.135(R)|      SLOW  |         6.572(R)|      FAST  |XLXI_183/XLXI_415/XLXN_17|   0.000|
P32         |        14.368(R)|      SLOW  |         7.002(R)|      FAST  |XLXI_183/XLXI_414/XLXN_9 |   0.000|
            |        13.644(R)|      SLOW  |         6.664(R)|      FAST  |XLXI_183/XLXI_415/XLXN_17|   0.000|
P34         |        14.350(R)|      SLOW  |         7.147(R)|      FAST  |XLXI_183/XLXI_414/XLXN_9 |   0.000|
            |        13.648(R)|      SLOW  |         6.765(R)|      FAST  |XLXI_183/XLXI_415/XLXN_17|   0.000|
P35         |        14.467(R)|      SLOW  |         7.053(R)|      FAST  |XLXI_183/XLXI_414/XLXN_9 |   0.000|
            |        13.743(R)|      SLOW  |         6.715(R)|      FAST  |XLXI_183/XLXI_415/XLXN_17|   0.000|
P40         |        14.634(R)|      SLOW  |         7.240(R)|      FAST  |XLXI_183/XLXI_414/XLXN_9 |   0.000|
            |        13.910(R)|      SLOW  |         7.046(R)|      FAST  |XLXI_183/XLXI_415/XLXN_17|   0.000|
P41         |        14.474(R)|      SLOW  |         7.271(R)|      FAST  |XLXI_183/XLXI_414/XLXN_9 |   0.000|
            |        13.768(R)|      SLOW  |         6.851(R)|      FAST  |XLXI_183/XLXI_415/XLXN_17|   0.000|
------------+-----------------+------------+-----------------+------------+-------------------------+--------+

Clock to Setup on destination clock Hour_P46
---------------+---------+---------+---------+---------+
               | Src:Rise| Src:Fall| Src:Rise| Src:Fall|
Source Clock   |Dest:Rise|Dest:Rise|Dest:Fall|Dest:Fall|
---------------+---------+---------+---------+---------+
Hour_P46       |    3.264|         |         |         |
Slide_Set_SW7  |    3.264|         |         |         |
---------------+---------+---------+---------+---------+

Clock to Setup on destination clock Minute_P47
---------------+---------+---------+---------+---------+
               | Src:Rise| Src:Fall| Src:Rise| Src:Fall|
Source Clock   |Dest:Rise|Dest:Rise|Dest:Fall|Dest:Fall|
---------------+---------+---------+---------+---------+
Minute_P47     |    3.018|         |         |         |
Slide_Set_SW7  |    3.018|    1.535|         |         |
---------------+---------+---------+---------+---------+

Clock to Setup on destination clock Osc
---------------+---------+---------+---------+---------+
               | Src:Rise| Src:Fall| Src:Rise| Src:Fall|
Source Clock   |Dest:Rise|Dest:Rise|Dest:Fall|Dest:Fall|
---------------+---------+---------+---------+---------+
Osc            |    2.210|         |         |         |
Slide_Set_SW7  |    6.066|    6.066|         |         |
---------------+---------+---------+---------+---------+

Clock to Setup on destination clock P45
---------------+---------+---------+---------+---------+
               | Src:Rise| Src:Fall| Src:Rise| Src:Fall|
Source Clock   |Dest:Rise|Dest:Rise|Dest:Fall|Dest:Fall|
---------------+---------+---------+---------+---------+
P45            |    1.774|         |         |         |
Slide_Set_SW7  |    2.358|    2.358|         |         |
---------------+---------+---------+---------+---------+

Clock to Setup on destination clock Slide_Set_SW7
---------------+---------+---------+---------+---------+
               | Src:Rise| Src:Fall| Src:Rise| Src:Fall|
Source Clock   |Dest:Rise|Dest:Rise|Dest:Fall|Dest:Fall|
---------------+---------+---------+---------+---------+
Hour_P46       |    3.264|         |         |         |
Minute_P47     |    3.018|         |         |         |
Slide_Set_SW7  |    3.293|    3.293|         |         |
---------------+---------+---------+---------+---------+

Pad to Pad
-------------------+---------------+---------+
Source Pad         |Destination Pad|  Delay  |
-------------------+---------------+---------+
IN_ROOM_Living_P1  |P27            |   11.740|
IN_ROOM_Living_P1  |P29            |   11.866|
IN_ROOM_Living_P1  |P32            |   12.375|
IN_ROOM_Living_P1  |P34            |   12.357|
IN_ROOM_Living_P1  |P35            |   12.474|
IN_ROOM_Living_P1  |P40            |   12.641|
IN_ROOM_Living_P1  |P41            |   12.481|
IN_ROOM_Toilet_P142|P27            |   11.663|
IN_ROOM_Toilet_P142|P29            |   11.789|
IN_ROOM_Toilet_P142|P32            |   12.298|
IN_ROOM_Toilet_P142|P34            |   12.280|
IN_ROOM_Toilet_P142|P35            |   12.397|
IN_ROOM_Toilet_P142|P40            |   12.564|
IN_ROOM_Toilet_P142|P41            |   12.404|
IR_PIN_P23         |Lighing_Room_P |    8.623|
IR_PIN_P23         |P27            |   11.709|
IR_PIN_P23         |P29            |   11.835|
IR_PIN_P23         |P32            |   12.344|
IR_PIN_P23         |P34            |   12.326|
IR_PIN_P23         |P35            |   12.443|
IR_PIN_P23         |P40            |   12.610|
IR_PIN_P23         |P41            |   12.450|
PIR_PIN_P21        |Lighing_Room_P |    8.409|
PIR_PIN_P21        |P27            |   11.495|
PIR_PIN_P21        |P29            |   11.621|
PIR_PIN_P21        |P32            |   12.130|
PIR_PIN_P21        |P34            |   12.112|
PIR_PIN_P21        |P35            |   12.229|
PIR_PIN_P21        |P40            |   12.396|
PIR_PIN_P21        |P41            |   12.236|
Slide_SW0          |Lighing_Room_P |    9.996|
Slide_SW0          |P27            |   13.082|
Slide_SW0          |P29            |   13.208|
Slide_SW0          |P32            |   13.717|
Slide_SW0          |P34            |   13.699|
Slide_SW0          |P35            |   13.816|
Slide_SW0          |P40            |   13.983|
Slide_SW0          |P41            |   13.823|
Slide_SW1_20_23    |Air_Bedroom_P2 |   11.370|
Slide_SW1_20_23    |Air_LED        |    8.373|
Slide_SW1_20_23    |P27            |   12.769|
Slide_SW1_20_23    |P29            |   12.895|
Slide_SW1_20_23    |P32            |   13.404|
Slide_SW1_20_23    |P34            |   13.386|
Slide_SW1_20_23    |P35            |   13.503|
Slide_SW1_20_23    |P40            |   13.670|
Slide_SW1_20_23    |P41            |   13.510|
-------------------+---------------+---------+


Analysis completed Tue Dec 13 11:17:06 2022 
--------------------------------------------------------------------------------

Trace Settings:
-------------------------
Trace Settings 

Peak Memory Usage: 4571 MB



