Release 14.7 Map P.20131013 (nt64)
Xilinx Mapping Report File for Design 'Main_Module'

Design Information
------------------
Command Line   : map -intstyle ise -p xc6slx9-tqg144-3 -w -logic_opt off -ol
high -t 1 -xt 0 -register_duplication off -r 4 -global_opt off -mt off -ir off
-pr off -lc off -power off -o Main_Module_map.ncd Main_Module.ngd
Main_Module.pcf 
Target Device  : xc6slx9
Target Package : tqg144
Target Speed   : -3
Mapper Version : spartan6 -- $Revision: 1.55 $
Mapped Date    : Tue Dec 13 04:32:26 2022

Design Summary
--------------
Number of errors:      0
Number of warnings:    4
Slice Logic Utilization:
  Number of Slice Registers:                    23 out of  11,440    1%
    Number used as Flip Flops:                  23
    Number used as Latches:                      0
    Number used as Latch-thrus:                  0
    Number used as AND/OR logics:                0
  Number of Slice LUTs:                         66 out of   5,720    1%
    Number used as logic:                       66 out of   5,720    1%
      Number using O6 output only:              56
      Number using O5 output only:               0
      Number using O5 and O6:                   10
      Number used as ROM:                        0
    Number used as Memory:                       0 out of   1,440    0%

Slice Logic Distribution:
  Number of occupied Slices:                    28 out of   1,430    1%
  Number of MUXCYs used:                         0 out of   2,860    0%
  Number of LUT Flip Flop pairs used:           66
    Number with an unused Flip Flop:            48 out of      66   72%
    Number with an unused LUT:                   0 out of      66    0%
    Number of fully used LUT-FF pairs:          18 out of      66   27%
    Number of unique control sets:               8
    Number of slice register sites lost
      to control set restrictions:              41 out of  11,440    1%

  A LUT Flip Flop pair for this architecture represents one LUT paired with
  one Flip Flop within a slice.  A control set is a unique combination of
  clock, reset, set, and enable signals for a registered element.
  The Slice Logic Distribution report is not meaningful if the design is
  over-mapped for a non-slice resource or if Placement fails.

IO Utilization:
  Number of bonded IOBs:                        33 out of     102   32%
    Number of LOCed IOBs:                       33 out of      33  100%

Specific Feature Utilization:
  Number of RAMB16BWERs:                         0 out of      32    0%
  Number of RAMB8BWERs:                          0 out of      64    0%
  Number of BUFIO2/BUFIO2_2CLKs:                 0 out of      32    0%
  Number of BUFIO2FB/BUFIO2FB_2CLKs:             0 out of      32    0%
  Number of BUFG/BUFGMUXs:                       1 out of      16    6%
    Number used as BUFGs:                        1
    Number used as BUFGMUX:                      0
  Number of DCM/DCM_CLKGENs:                     0 out of       4    0%
  Number of ILOGIC2/ISERDES2s:                   0 out of     200    0%
  Number of IODELAY2/IODRP2/IODRP2_MCBs:         0 out of     200    0%
  Number of OLOGIC2/OSERDES2s:                   0 out of     200    0%
  Number of BSCANs:                              0 out of       4    0%
  Number of BUFHs:                               0 out of     128    0%
  Number of BUFPLLs:                             0 out of       8    0%
  Number of BUFPLL_MCBs:                         0 out of       4    0%
  Number of DSP48A1s:                            0 out of      16    0%
  Number of ICAPs:                               0 out of       1    0%
  Number of MCBs:                                0 out of       2    0%
  Number of PCILOGICSEs:                         0 out of       2    0%
  Number of PLL_ADVs:                            0 out of       2    0%
  Number of PMVs:                                0 out of       1    0%
  Number of STARTUPs:                            0 out of       1    0%
  Number of SUSPEND_SYNCs:                       0 out of       1    0%

Average Fanout of Non-Clock Nets:                3.62

Peak Memory Usage:  4509 MB
Total REAL time to MAP completion:  7 secs 
Total CPU time to MAP completion:   5 secs 

Table of Contents
-----------------
Section 1 - Errors
Section 2 - Warnings
Section 3 - Informational
Section 4 - Removed Logic Summary
Section 5 - Removed Logic
Section 6 - IOB Properties
Section 7 - RPMs
Section 8 - Guide Report
Section 9 - Area Group and Partition Summary
Section 10 - Timing Report
Section 11 - Configuration String Information
Section 12 - Control Set Information
Section 13 - Utilization by Hierarchy

Section 1 - Errors
------------------

Section 2 - Warnings
--------------------
WARNING:PhysDesignRules:372 - Gated clock. Clock net XLXI_9/clk_200khz_DUMMY is
   sourced by a combinatorial pin. This is not good design practice. Use the CE
   pin to control the loading of data into the flip-flop.
WARNING:PhysDesignRules:372 - Gated clock. Clock net XLXI_9/clk_20khz_DUMMY is
   sourced by a combinatorial pin. This is not good design practice. Use the CE
   pin to control the loading of data into the flip-flop.
WARNING:PhysDesignRules:372 - Gated clock. Clock net XLXI_9/clk_2mhz_DUMMY is
   sourced by a combinatorial pin. This is not good design practice. Use the CE
   pin to control the loading of data into the flip-flop.
WARNING:PhysDesignRules:372 - Gated clock. Clock net XLXN_98 is sourced by a
   combinatorial pin. This is not good design practice. Use the CE pin to
   control the loading of data into the flip-flop.

Section 3 - Informational
-------------------------
INFO:LIT:243 - Logical network XLXI_11/XLXI_12/XLXN_27 has no load.
INFO:LIT:395 - The above info message is repeated 20 more times for the
   following (max. 5 shown):
   XLXI_11/XLXI_12/XLXN_3,
   XLXI_11/XLXI_12/XLXN_1,
   XLXI_11/XLXI_13/XLXN_27,
   XLXI_11/XLXI_13/XLXN_3,
   XLXI_11/XLXI_13/XLXN_1
   To see the details of these info messages, please use the -detail switch.
INFO:MapLib:562 - No environment variables are currently set.
INFO:LIT:244 - All of the single ended outputs in this design are using slew
   rate limited output drivers. The delay on speed critical single ended outputs
   can be dramatically reduced by designating them as fast outputs.
INFO:Pack:1716 - Initializing temperature to 85.000 Celsius. (default - Range:
   0.000 to 85.000 Celsius)
INFO:Pack:1720 - Initializing voltage to 1.140 Volts. (default - Range: 1.140 to
   1.260 Volts)
INFO:Map:215 - The Interim Design Summary has been generated in the MAP Report
   (.mrp).
INFO:Pack:1650 - Map created a placed design.

Section 4 - Removed Logic Summary
---------------------------------
  36 block(s) removed
 100 block(s) optimized away
  36 signal(s) removed

Section 5 - Removed Logic
-------------------------

The trimmed logic report below shows the logic removed from your design due to
sourceless or loadless signals, and VCC or ground connections.  If the removal
of a signal or symbol results in the subsequent removal of an additional signal
or symbol, the message explaining that second removal will be indented.  This
indentation will be repeated as a chain of related logic is removed.

To quickly locate the original cause for the removal of a chain of logic, look
above the place where that logic is listed in the trimming report, then locate
the lines that are least indented (begin at the leftmost edge).

The signal "XLXI_9/XLXI_667/Q3_GND_5_o_add_0_OUT<0>" is sourceless and has been
removed.
 Sourceless block "XLXI_9/XLXI_667/Q0" (FF) removed.
  The signal "XLXI_9/XLXN_1193" is sourceless and has been removed.
   Sourceless block "XLXI_9/XLXI_669" (BUF) removed.
    The signal "XLXI_9/XLXN_1190" is sourceless and has been removed.
     Sourceless block "XLXI_9/XLXI_668" (AND) removed.
      The signal "XLXI_9/clk_20hz_DUMMY" is sourceless and has been removed.
       Sourceless block "XLXI_9/XLXI_723" (OR) removed.
        The signal "XLXI_9/XLXN_1288" is sourceless and has been removed.
         Sourceless block "XLXI_9/XLXI_667/Q3" (FF) removed.
          The signal "XLXI_9/XLXN_1196" is sourceless and has been removed.
           Sourceless block "XLXI_9/XLXI_667/Q3_GND_5_o_add_0_OUT<3>1" (ROM) removed.
            The signal "XLXI_9/XLXI_667/Q3_GND_5_o_add_0_OUT<3>" is sourceless and has been
removed.
         Sourceless block "XLXI_9/XLXI_667/Q2" (FF) removed.
          The signal "XLXI_9/XLXN_1195" is sourceless and has been removed.
           Sourceless block "XLXI_9/XLXI_670" (BUF) removed.
            The signal "XLXI_9/XLXN_1191" is sourceless and has been removed.
           Sourceless block "XLXI_9/XLXI_667/Q3_GND_5_o_add_0_OUT<2>1" (ROM) removed.
            The signal "XLXI_9/XLXI_667/Q3_GND_5_o_add_0_OUT<2>" is sourceless and has been
removed.
         Sourceless block "XLXI_9/XLXI_667/Q1" (FF) removed.
          The signal "XLXI_9/XLXN_1194" is sourceless and has been removed.
           Sourceless block "XLXI_9/XLXI_667/Madd_Q3_GND_5_o_add_0_OUT_xor<1>11" (ROM)
removed.
            The signal "XLXI_9/XLXI_667/Q3_GND_5_o_add_0_OUT<1>" is sourceless and has been
removed.
       Sourceless block "XLXI_9/XLXI_672/Q3" (FF) removed.
        The signal "XLXI_9/XLXN_1205" is sourceless and has been removed.
         Sourceless block "XLXI_9/XLXI_673" (AND) removed.
          The signal "XLXI_9/clk_2hz_DUMMY" is sourceless and has been removed.
           Sourceless block "XLXI_9/XLXI_718" (OR) removed.
            The signal "XLXI_9/XLXN_1283" is sourceless and has been removed.
             Sourceless block "XLXI_9/XLXI_672/Q2" (FF) removed.
              The signal "XLXI_9/XLXN_1204" is sourceless and has been removed.
               Sourceless block "XLXI_9/XLXI_675" (BUF) removed.
                The signal "XLXI_9/XLXN_1200" is sourceless and has been removed.
               Sourceless block "XLXI_9/XLXI_672/Q3_GND_5_o_add_0_OUT<3>1" (ROM) removed.
                The signal "XLXI_9/XLXI_672/Q3_GND_5_o_add_0_OUT<3>" is sourceless and has been
removed.
               Sourceless block "XLXI_9/XLXI_672/Q3_GND_5_o_add_0_OUT<2>1" (ROM) removed.
                The signal "XLXI_9/XLXI_672/Q3_GND_5_o_add_0_OUT<2>" is sourceless and has been
removed.
             Sourceless block "XLXI_9/XLXI_672/Q0" (FF) removed.
              The signal "XLXI_9/XLXN_1202" is sourceless and has been removed.
               Sourceless block "XLXI_9/XLXI_674" (BUF) removed.
                The signal "XLXI_9/XLXN_1199" is sourceless and has been removed.
               Sourceless block "XLXI_9/XLXI_672/Madd_Q3_GND_5_o_add_0_OUT_xor<1>11" (ROM)
removed.
                The signal "XLXI_9/XLXI_672/Q3_GND_5_o_add_0_OUT<1>" is sourceless and has been
removed.
                 Sourceless block "XLXI_9/XLXI_672/Q1" (FF) removed.
                  The signal "XLXI_9/XLXN_1203" is sourceless and has been removed.
               Sourceless block "XLXI_9/XLXI_672/Madd_Q3_GND_5_o_add_0_OUT_xor<0>11_INV_0"
(BUF) removed.
                The signal "XLXI_9/XLXI_672/Q3_GND_5_o_add_0_OUT<0>" is sourceless and has been
removed.
   Sourceless block "XLXI_9/XLXI_667/Madd_Q3_GND_5_o_add_0_OUT_xor<0>11_INV_0"
(BUF) removed.
The signal "XLXI_9/XLXI_662/Q3_GND_5_o_add_0_OUT<0>" is sourceless and has been
removed.
 Sourceless block "XLXI_9/XLXI_662/Q0" (FF) removed.
  The signal "XLXI_9/XLXN_1184" is sourceless and has been removed.
   Sourceless block "XLXI_9/XLXI_664" (BUF) removed.
    The signal "XLXI_9/XLXN_1181" is sourceless and has been removed.
     Sourceless block "XLXI_9/XLXI_663" (AND) removed.
      The signal "XLXI_9/clk_200hz_DUMMY" is sourceless and has been removed.
       Sourceless block "XLXI_9/XLXI_719" (OR) removed.
        The signal "XLXI_9/XLXN_1284" is sourceless and has been removed.
         Sourceless block "XLXI_9/XLXI_662/Q3" (FF) removed.
          The signal "XLXI_9/XLXN_1187" is sourceless and has been removed.
           Sourceless block "XLXI_9/XLXI_662/Q3_GND_5_o_add_0_OUT<3>1" (ROM) removed.
            The signal "XLXI_9/XLXI_662/Q3_GND_5_o_add_0_OUT<3>" is sourceless and has been
removed.
         Sourceless block "XLXI_9/XLXI_662/Q2" (FF) removed.
          The signal "XLXI_9/XLXN_1186" is sourceless and has been removed.
           Sourceless block "XLXI_9/XLXI_665" (BUF) removed.
            The signal "XLXI_9/XLXN_1182" is sourceless and has been removed.
           Sourceless block "XLXI_9/XLXI_662/Q3_GND_5_o_add_0_OUT<2>1" (ROM) removed.
            The signal "XLXI_9/XLXI_662/Q3_GND_5_o_add_0_OUT<2>" is sourceless and has been
removed.
         Sourceless block "XLXI_9/XLXI_662/Q1" (FF) removed.
          The signal "XLXI_9/XLXN_1185" is sourceless and has been removed.
           Sourceless block "XLXI_9/XLXI_662/Madd_Q3_GND_5_o_add_0_OUT_xor<1>11" (ROM)
removed.
            The signal "XLXI_9/XLXI_662/Q3_GND_5_o_add_0_OUT<1>" is sourceless and has been
removed.
   Sourceless block "XLXI_9/XLXI_662/Madd_Q3_GND_5_o_add_0_OUT_xor<0>11_INV_0"
(BUF) removed.

Optimized Block(s):
TYPE 		BLOCK
VCC 		XLXI_11/XLXI_1/XLXI_6/XST_VCC
INV 		XLXI_11/XLXI_12/XLXI_7/O01_INV_0
INV 		XLXI_11/XLXI_12/XLXI_7/O11_INV_0
INV 		XLXI_11/XLXI_12/XLXI_7/O21_INV_0
INV 		XLXI_11/XLXI_12/XLXI_7/O31_INV_0
INV 		XLXI_11/XLXI_12/XLXI_8/O01_INV_0
INV 		XLXI_11/XLXI_12/XLXI_8/O11_INV_0
INV 		XLXI_11/XLXI_12/XLXI_8/O21_INV_0
INV 		XLXI_11/XLXI_12/XLXI_8/O31_INV_0
INV 		XLXI_11/XLXI_13/XLXI_7/O01_INV_0
INV 		XLXI_11/XLXI_13/XLXI_7/O11_INV_0
INV 		XLXI_11/XLXI_13/XLXI_7/O21_INV_0
INV 		XLXI_11/XLXI_13/XLXI_7/O31_INV_0
INV 		XLXI_11/XLXI_13/XLXI_8/O01_INV_0
INV 		XLXI_11/XLXI_13/XLXI_8/O11_INV_0
INV 		XLXI_11/XLXI_13/XLXI_8/O21_INV_0
INV 		XLXI_11/XLXI_13/XLXI_8/O31_INV_0
INV 		XLXI_11/XLXI_14/XLXI_7/O01_INV_0
INV 		XLXI_11/XLXI_14/XLXI_7/O11_INV_0
INV 		XLXI_11/XLXI_14/XLXI_7/O21_INV_0
INV 		XLXI_11/XLXI_14/XLXI_7/O31_INV_0
INV 		XLXI_11/XLXI_14/XLXI_8/O01_INV_0
INV 		XLXI_11/XLXI_14/XLXI_8/O11_INV_0
INV 		XLXI_11/XLXI_14/XLXI_8/O21_INV_0
INV 		XLXI_11/XLXI_14/XLXI_8/O31_INV_0
INV 		XLXI_11/XLXI_15/XLXI_7/O01_INV_0
INV 		XLXI_11/XLXI_15/XLXI_7/O11_INV_0
INV 		XLXI_11/XLXI_15/XLXI_7/O21_INV_0
INV 		XLXI_11/XLXI_15/XLXI_7/O31_INV_0
INV 		XLXI_11/XLXI_15/XLXI_8/O01_INV_0
INV 		XLXI_11/XLXI_15/XLXI_8/O11_INV_0
INV 		XLXI_11/XLXI_15/XLXI_8/O21_INV_0
INV 		XLXI_11/XLXI_15/XLXI_8/O31_INV_0
GND 		XLXI_11/XLXI_16/XLXI_3/XST_GND
VCC 		XLXI_11/XLXI_16/XLXI_3/XST_VCC
GND 		XLXI_11/XLXI_16/XLXI_8/XST_GND
VCC 		XLXI_11/XLXI_16/XLXI_8/XST_VCC
VCC 		XLXI_11/XLXI_17/XLXI_3/XST_VCC
GND 		XLXI_11/XLXI_17/XLXI_6/XST_GND
INV 		XLXI_11/XLXI_17/XLXI_7/O01_INV_0
INV 		XLXI_11/XLXI_17/XLXI_7/O11_INV_0
INV 		XLXI_11/XLXI_17/XLXI_7/O21_INV_0
INV 		XLXI_11/XLXI_17/XLXI_7/O31_INV_0
INV 		XLXI_11/XLXI_17/XLXI_8/O01_INV_0
INV 		XLXI_11/XLXI_17/XLXI_8/O11_INV_0
INV 		XLXI_11/XLXI_17/XLXI_8/O21_INV_0
INV 		XLXI_11/XLXI_17/XLXI_8/O31_INV_0
VCC 		XLXI_11/XLXI_18/XLXI_3/XST_VCC
GND 		XLXI_11/XLXI_18/XLXI_6/XST_GND
INV 		XLXI_11/XLXI_18/XLXI_7/O01_INV_0
INV 		XLXI_11/XLXI_18/XLXI_7/O11_INV_0
INV 		XLXI_11/XLXI_18/XLXI_7/O21_INV_0
INV 		XLXI_11/XLXI_18/XLXI_7/O31_INV_0
INV 		XLXI_11/XLXI_18/XLXI_8/O01_INV_0
INV 		XLXI_11/XLXI_18/XLXI_8/O11_INV_0
INV 		XLXI_11/XLXI_18/XLXI_8/O21_INV_0
INV 		XLXI_11/XLXI_18/XLXI_8/O31_INV_0
VCC 		XLXI_11/XLXI_19/XLXI_3/XST_VCC
GND 		XLXI_11/XLXI_19/XLXI_6/XST_GND
INV 		XLXI_11/XLXI_19/XLXI_7/O01_INV_0
INV 		XLXI_11/XLXI_19/XLXI_7/O11_INV_0
INV 		XLXI_11/XLXI_19/XLXI_7/O21_INV_0
INV 		XLXI_11/XLXI_19/XLXI_7/O31_INV_0
INV 		XLXI_11/XLXI_19/XLXI_8/O01_INV_0
INV 		XLXI_11/XLXI_19/XLXI_8/O11_INV_0
INV 		XLXI_11/XLXI_19/XLXI_8/O21_INV_0
INV 		XLXI_11/XLXI_19/XLXI_8/O31_INV_0
GND 		XLXI_11/XLXI_3/XLXI_7/XST_GND
LUT6 		XLXI_11/XLXI_4/XLXI_8/Mmux_S2_D7_Mux_0_o_4
   optimized to 0
INV 		XLXI_121
BUF 		XLXI_128/XLXI_125/XLXI_49
BUF 		XLXI_128/XLXI_125/XLXI_50
BUF 		XLXI_128/XLXI_125/XLXI_51
BUF 		XLXI_128/XLXI_125/XLXI_52
BUF 		XLXI_128/XLXI_126/XLXI_49
BUF 		XLXI_128/XLXI_126/XLXI_50
BUF 		XLXI_128/XLXI_126/XLXI_51
BUF 		XLXI_128/XLXI_126/XLXI_52
BUF 		XLXI_128/XLXI_127/XLXI_49
BUF 		XLXI_128/XLXI_127/XLXI_50
BUF 		XLXI_128/XLXI_127/XLXI_51
BUF 		XLXI_128/XLXI_127/XLXI_52
GND 		XLXI_129
VCC 		XLXI_133
BUF 		XLXI_68/XLXI_14/XLXI_49
BUF 		XLXI_68/XLXI_14/XLXI_50
BUF 		XLXI_68/XLXI_14/XLXI_51
BUF 		XLXI_68/XLXI_14/XLXI_52
BUF 		XLXI_68/XLXI_19/XLXI_49
BUF 		XLXI_68/XLXI_19/XLXI_50
BUF 		XLXI_68/XLXI_19/XLXI_51
BUF 		XLXI_68/XLXI_19/XLXI_52
BUF 		XLXI_68/XLXI_20/XLXI_49
BUF 		XLXI_68/XLXI_20/XLXI_50
BUF 		XLXI_68/XLXI_20/XLXI_51
BUF 		XLXI_68/XLXI_20/XLXI_52
BUF 		XLXI_68/XLXI_29/XLXI_49
BUF 		XLXI_68/XLXI_29/XLXI_50
BUF 		XLXI_68/XLXI_29/XLXI_51
BUF 		XLXI_68/XLXI_29/XLXI_52

To enable printing of redundant blocks removed and signals merged, set the
detailed map report option and rerun map.

Section 6 - IOB Properties
--------------------------

+---------------------------------------------------------------------------------------------------------------------------------------------------------+
| IOB Name                           | Type             | Direction | IO Standard          | Diff  | Drive    | Slew | Reg (s)      | Resistor | IOB      |
|                                    |                  |           |                      | Term  | Strength | Rate |              |          | Delay    |
+---------------------------------------------------------------------------------------------------------------------------------------------------------+
| COm0                               | IOB              | OUTPUT    | LVCMOS25             |       | 12       | SLOW |              |          |          |
| COm1                               | IOB              | OUTPUT    | LVCMOS25             |       | 12       | SLOW |              |          |          |
| COm2                               | IOB              | OUTPUT    | LVCMOS25             |       | 12       | SLOW |              |          |          |
| COm3                               | IOB              | OUTPUT    | LVCMOS25             |       | 12       | SLOW |              |          |          |
| DOOR_PIN_24                        | IOB              | INPUT     | LVCMOS25             |       |          |      |              |          |          |
| IR_IN_P15                          | IOB              | INPUT     | LVCMOS25             |       |          |      |              |          |          |
| IR_PIN_22                          | IOB              | INPUT     | LVCMOS25             |       |          |      |              |          |          |
| Lighting_Toilet_Relay              | IOB              | OUTPUT    | LVCMOS25             |       | 12       | SLOW |              |          |          |
| Link_Living                        | IOB              | OUTPUT    | LVCMOS25             |       | 12       | SLOW |              |          |          |
| Lnk_Toi                            | IOB              | OUTPUT    | LVCMOS25             |       | 12       | SLOW |              |          |          |
| Osc                                | IOB              | INPUT     | LVCMOS25             |       |          |      |              |          |          |
| P1                                 | IOB              | INPUT     | LVCMOS25             |       |          |      |              |          |          |
| P27                                | IOB              | OUTPUT    | LVCMOS25             |       | 12       | SLOW |              |          |          |
| P29                                | IOB              | OUTPUT    | LVCMOS25             |       | 12       | SLOW |              |          |          |
| P32                                | IOB              | OUTPUT    | LVCMOS25             |       | 12       | SLOW |              |          |          |
| P34                                | IOB              | OUTPUT    | LVCMOS25             |       | 12       | SLOW |              |          |          |
| P35                                | IOB              | OUTPUT    | LVCMOS25             |       | 12       | SLOW |              |          |          |
| P40                                | IOB              | OUTPUT    | LVCMOS25             |       | 12       | SLOW |              |          |          |
| P41                                | IOB              | OUTPUT    | LVCMOS25             |       | 12       | SLOW |              |          |          |
| P45                                | IOB              | INPUT     | LVCMOS25             |       |          |      |              |          |          |
| P46                                | IOB              | INPUT     | LVCMOS25             |       |          |      |              |          |          |
| P124                               | IOB              | INPUT     | LVCMOS25             |       |          |      |              |          |          |
| P127                               | IOB              | INPUT     | LVCMOS25             |       |          |      |              |          |          |
| P132                               | IOB              | INPUT     | LVCMOS25             |       |          |      |              |          |          |
| P134                               | IOB              | INPUT     | LVCMOS25             |       |          |      |              |          |          |
| P138                               | IOB              | INPUT     | LVCMOS25             |       |          |      |              |          |          |
| P140                               | IOB              | INPUT     | LVCMOS25             |       |          |      |              |          |          |
| P142                               | IOB              | INPUT     | LVCMOS25             |       |          |      |              |          |          |
| PIR_IN_P12                         | IOB              | INPUT     | LVCMOS25             |       |          |      |              |          |          |
| PIR_PIN_17                         | IOB              | INPUT     | LVCMOS25             |       |          |      |              |          |          |
| Point                              | IOB              | OUTPUT    | LVCMOS25             |       | 12       | SLOW |              |          |          |
| RL_Fan                             | IOB              | OUTPUT    | LVCMOS25             |       | 12       | SLOW |              |          |          |
| Select_Condition_Temp_P56          | IOB              | INPUT     | LVCMOS25             |       |          |      |              |          |          |
+---------------------------------------------------------------------------------------------------------------------------------------------------------+

Section 7 - RPMs
----------------

Section 8 - Guide Report
------------------------
Guide not run on this design.

Section 9 - Area Group and Partition Summary
--------------------------------------------

Partition Implementation Status
-------------------------------

  No Partitions were found in this design.

-------------------------------

Area Group Information
----------------------

  No area groups were found in this design.

----------------------

Section 10 - Timing Report
--------------------------
A logic-level (pre-route) timing report can be generated by using Xilinx static
timing analysis tools, Timing Analyzer (GUI) or TRCE (command line), with the
mapped NCD and PCF files. Please note that this timing report will be generated
using estimated delay information. For accurate numbers, please generate a
timing report with the post Place and Route NCD file.

For more information about the Timing Analyzer, consult the Xilinx Timing
Analyzer Reference Manual; for more information about TRCE, consult the Xilinx
Command Line Tools User Guide "TRACE" chapter.

Section 11 - Configuration String Details
-----------------------------------------
Use the "-detail" map option to print out Configuration Strings

Section 12 - Control Set Information
------------------------------------
Use the "-detail" map option to print out Control Set Information.

Section 13 - Utilization by Hierarchy
-------------------------------------
Use the "-detail" map option to print out the Utilization by Hierarchy section.
